<?xml version="1.0" encoding="UTF-8"?>
<!-- Generated by org.testng.reporters.JUnitReportReporter -->
<testsuite hostname="MAA-5CG9368WMV" failures="0" tests="1" name="com.infelect.weathershopper.pythonanywhere.com.WeathershopperRunner" time="26.827" errors="0" timestamp="2021-06-07T00:55:31 IST" skipped="0">
  <testcase classname="com.infelect.weathershopper.pythonanywhere.com.WeathershopperRunner" name="testWeathershopper" time="26.827"/>
  <system-out/>
</testsuite> <!-- com.infelect.weathershopper.pythonanywhere.com.WeathershopperRunner -->
